<?xml version="1.0" encoding="UTF-8"?>
<testng-results skipped="0" failed="0" ignored="0" total="1" passed="1">
  <reporter-output>
  </reporter-output>
  <suite name="Default suite" duration-ms="7674" started-at="2019-09-07T08:02:20Z" finished-at="2019-09-07T08:02:28Z">
    <groups>
    </groups>
    <test name="Default test" duration-ms="7674" started-at="2019-09-07T08:02:20Z" finished-at="2019-09-07T08:02:28Z">
      <class name="com.mypages.ScreenshotClass">
        <test-method status="PASS" signature="Setup()[pri:0, instance:com.mypages.ScreenshotClass@46d56d67]" name="Setup" is-config="true" duration-ms="6910" started-at="2019-09-07T08:02:20Z" finished-at="2019-09-07T08:02:27Z">
          <reporter-output>
          </reporter-output>
        </test-method> <!-- Setup -->
        <test-method status="PASS" signature="SS()[pri:0, instance:com.mypages.ScreenshotClass@46d56d67]" name="SS" duration-ms="728" started-at="2019-09-07T08:02:27Z" finished-at="2019-09-07T08:02:28Z">
          <reporter-output>
          </reporter-output>
        </test-method> <!-- SS -->
        <test-method status="PASS" signature="teardown()[pri:0, instance:com.mypages.ScreenshotClass@46d56d67]" name="teardown" is-config="true" duration-ms="0" started-at="2019-09-07T08:02:28Z" finished-at="2019-09-07T08:02:28Z">
          <reporter-output>
          </reporter-output>
        </test-method> <!-- teardown -->
      </class> <!-- com.mypages.ScreenshotClass -->
    </test> <!-- Default test -->
  </suite> <!-- Default suite -->
</testng-results>
